  GraphImageCreator.cpp
C:\Users\bjupf\Desktop\GraphDisplayHtml\GraphImageCreator\GraphImageCreator\GraphPresets.hpp(33,2): warning C4091: 'static ': ignored on left of 'accessImage' when no variable is declared
  (compiling source file 'GraphImageCreator.cpp')
  
C:\Users\bjupf\Desktop\GraphDisplayHtml\GraphImageCreator\GraphImageCreator\GraphImageCreator.cpp(28,23): warning C4244: 'initializing': conversion from 'std::streamoff' to 'int', possible loss of data
  JPGer.cpp
C:\Users\bjupf\Desktop\GraphDisplayHtml\GraphImageCreator\GraphImageCreator\GraphPresets.hpp(33,2): warning C4091: 'static ': ignored on left of 'accessImage' when no variable is declared
  (compiling source file 'JPGer.cpp')
  
C:\Users\bjupf\Desktop\GraphDisplayHtml\GraphImageCreator\GraphImageCreator\JPGer.cpp(25,35): warning C4838: conversion from 'int' to 'const uint8_t' requires a narrowing conversion
C:\Users\bjupf\Desktop\GraphDisplayHtml\GraphImageCreator\GraphImageCreator\JPGer.cpp(25,35): warning C4305: 'initializing': truncation from 'int' to 'const uint8_t'
C:\Users\bjupf\Desktop\GraphDisplayHtml\GraphImageCreator\GraphImageCreator\JPGer.cpp(25,35): warning C4309: 'initializing': truncation of constant value
C:\Users\bjupf\Desktop\GraphDisplayHtml\GraphImageCreator\GraphImageCreator\JPGer.cpp(26,35): warning C4838: conversion from 'int' to 'const uint8_t' requires a narrowing conversion
C:\Users\bjupf\Desktop\GraphDisplayHtml\GraphImageCreator\GraphImageCreator\JPGer.cpp(26,35): warning C4305: 'initializing': truncation from 'int' to 'const uint8_t'
C:\Users\bjupf\Desktop\GraphDisplayHtml\GraphImageCreator\GraphImageCreator\JPGer.cpp(26,35): warning C4309: 'initializing': truncation of constant value
C:\Users\bjupf\Desktop\GraphDisplayHtml\GraphImageCreator\GraphImageCreator\JPGer.cpp(27,31): warning C4838: conversion from 'int' to 'const uint8_t' requires a narrowing conversion
C:\Users\bjupf\Desktop\GraphDisplayHtml\GraphImageCreator\GraphImageCreator\JPGer.cpp(27,31): warning C4305: 'initializing': truncation from 'int' to 'const uint8_t'
C:\Users\bjupf\Desktop\GraphDisplayHtml\GraphImageCreator\GraphImageCreator\JPGer.cpp(27,31): warning C4309: 'initializing': truncation of constant value
C:\Users\bjupf\Desktop\GraphDisplayHtml\GraphImageCreator\GraphImageCreator\JPGer.cpp(27,36): warning C4838: conversion from 'int' to 'const uint8_t' requires a narrowing conversion
C:\Users\bjupf\Desktop\GraphDisplayHtml\GraphImageCreator\GraphImageCreator\JPGer.cpp(27,36): warning C4305: 'initializing': truncation from 'int' to 'const uint8_t'
C:\Users\bjupf\Desktop\GraphDisplayHtml\GraphImageCreator\GraphImageCreator\JPGer.cpp(27,36): warning C4309: 'initializing': truncation of constant value
C:\Users\bjupf\Desktop\GraphDisplayHtml\GraphImageCreator\GraphImageCreator\JPGer.cpp(28,27): warning C4838: conversion from 'int' to 'const uint8_t' requires a narrowing conversion
C:\Users\bjupf\Desktop\GraphDisplayHtml\GraphImageCreator\GraphImageCreator\JPGer.cpp(28,27): warning C4305: 'initializing': truncation from 'int' to 'const uint8_t'
C:\Users\bjupf\Desktop\GraphDisplayHtml\GraphImageCreator\GraphImageCreator\JPGer.cpp(28,27): warning C4309: 'initializing': truncation of constant value
C:\Users\bjupf\Desktop\GraphDisplayHtml\GraphImageCreator\GraphImageCreator\JPGer.cpp(28,32): warning C4838: conversion from 'int' to 'const uint8_t' requires a narrowing conversion
C:\Users\bjupf\Desktop\GraphDisplayHtml\GraphImageCreator\GraphImageCreator\JPGer.cpp(28,32): warning C4305: 'initializing': truncation from 'int' to 'const uint8_t'
C:\Users\bjupf\Desktop\GraphDisplayHtml\GraphImageCreator\GraphImageCreator\JPGer.cpp(28,32): warning C4309: 'initializing': truncation of constant value
C:\Users\bjupf\Desktop\GraphDisplayHtml\GraphImageCreator\GraphImageCreator\JPGer.cpp(28,37): warning C4838: conversion from 'int' to 'const uint8_t' requires a narrowing conversion
C:\Users\bjupf\Desktop\GraphDisplayHtml\GraphImageCreator\GraphImageCreator\JPGer.cpp(28,37): warning C4305: 'initializing': truncation from 'int' to 'const uint8_t'
C:\Users\bjupf\Desktop\GraphDisplayHtml\GraphImageCreator\GraphImageCreator\JPGer.cpp(28,37): warning C4309: 'initializing': truncation of constant value
C:\Users\bjupf\Desktop\GraphDisplayHtml\GraphImageCreator\GraphImageCreator\JPGer.cpp(29,23): warning C4838: conversion from 'int' to 'const uint8_t' requires a narrowing conversion
C:\Users\bjupf\Desktop\GraphDisplayHtml\GraphImageCreator\GraphImageCreator\JPGer.cpp(29,23): warning C4305: 'initializing': truncation from 'int' to 'const uint8_t'
C:\Users\bjupf\Desktop\GraphDisplayHtml\GraphImageCreator\GraphImageCreator\JPGer.cpp(29,23): warning C4309: 'initializing': truncation of constant value
C:\Users\bjupf\Desktop\GraphDisplayHtml\GraphImageCreator\GraphImageCreator\JPGer.cpp(29,28): warning C4838: conversion from 'int' to 'const uint8_t' requires a narrowing conversion
C:\Users\bjupf\Desktop\GraphDisplayHtml\GraphImageCreator\GraphImageCreator\JPGer.cpp(29,28): warning C4305: 'initializing': truncation from 'int' to 'const uint8_t'
C:\Users\bjupf\Desktop\GraphDisplayHtml\GraphImageCreator\GraphImageCreator\JPGer.cpp(29,28): warning C4309: 'initializing': truncation of constant value
C:\Users\bjupf\Desktop\GraphDisplayHtml\GraphImageCreator\GraphImageCreator\JPGer.cpp(29,33): warning C4838: conversion from 'int' to 'const uint8_t' requires a narrowing conversion
C:\Users\bjupf\Desktop\GraphDisplayHtml\GraphImageCreator\GraphImageCreator\JPGer.cpp(29,33): warning C4305: 'initializing': truncation from 'int' to 'const uint8_t'
C:\Users\bjupf\Desktop\GraphDisplayHtml\GraphImageCreator\GraphImageCreator\JPGer.cpp(29,33): warning C4309: 'initializing': truncation of constant value
C:\Users\bjupf\Desktop\GraphDisplayHtml\GraphImageCreator\GraphImageCreator\JPGer.cpp(29,39): warning C4838: conversion from 'int' to 'const uint8_t' requires a narrowing conversion
C:\Users\bjupf\Desktop\GraphDisplayHtml\GraphImageCreator\GraphImageCreator\JPGer.cpp(29,39): warning C4305: 'initializing': truncation from 'int' to 'const uint8_t'
C:\Users\bjupf\Desktop\GraphDisplayHtml\GraphImageCreator\GraphImageCreator\JPGer.cpp(29,39): warning C4309: 'initializing': truncation of constant value
C:\Users\bjupf\Desktop\GraphDisplayHtml\GraphImageCreator\GraphImageCreator\JPGer.cpp(30,20): warning C4838: conversion from 'int' to 'const uint8_t' requires a narrowing conversion
C:\Users\bjupf\Desktop\GraphDisplayHtml\GraphImageCreator\GraphImageCreator\JPGer.cpp(30,20): warning C4305: 'initializing': truncation from 'int' to 'const uint8_t'
C:\Users\bjupf\Desktop\GraphDisplayHtml\GraphImageCreator\GraphImageCreator\JPGer.cpp(30,20): warning C4309: 'initializing': truncation of constant value
C:\Users\bjupf\Desktop\GraphDisplayHtml\GraphImageCreator\GraphImageCreator\JPGer.cpp(30,25): warning C4838: conversion from 'int' to 'const uint8_t' requires a narrowing conversion
C:\Users\bjupf\Desktop\GraphDisplayHtml\GraphImageCreator\GraphImageCreator\JPGer.cpp(30,25): warning C4305: 'initializing': truncation from 'int' to 'const uint8_t'
C:\Users\bjupf\Desktop\GraphDisplayHtml\GraphImageCreator\GraphImageCreator\JPGer.cpp(30,25): warning C4309: 'initializing': truncation of constant value
C:\Users\bjupf\Desktop\GraphDisplayHtml\GraphImageCreator\GraphImageCreator\JPGer.cpp(30,30): warning C4838: conversion from 'int' to 'const uint8_t' requires a narrowing conversion
C:\Users\bjupf\Desktop\GraphDisplayHtml\GraphImageCreator\GraphImageCreator\JPGer.cpp(30,30): warning C4305: 'initializing': truncation from 'int' to 'const uint8_t'
C:\Users\bjupf\Desktop\GraphDisplayHtml\GraphImageCreator\GraphImageCreator\JPGer.cpp(30,30): warning C4309: 'initializing': truncation of constant value
C:\Users\bjupf\Desktop\GraphDisplayHtml\GraphImageCreator\GraphImageCreator\JPGer.cpp(30,36): warning C4838: conversion from 'int' to 'const uint8_t' requires a narrowing conversion
C:\Users\bjupf\Desktop\GraphDisplayHtml\GraphImageCreator\GraphImageCreator\JPGer.cpp(30,36): warning C4305: 'initializing': truncation from 'int' to 'const uint8_t'
C:\Users\bjupf\Desktop\GraphDisplayHtml\GraphImageCreator\GraphImageCreator\JPGer.cpp(30,36): warning C4309: 'initializing': truncation of constant value
C:\Users\bjupf\Desktop\GraphDisplayHtml\GraphImageCreator\GraphImageCreator\JPGer.cpp(30,42): warning C4838: conversion from 'int' to 'const uint8_t' requires a narrowing conversion
C:\Users\bjupf\Desktop\GraphDisplayHtml\GraphImageCreator\GraphImageCreator\JPGer.cpp(30,42): warning C4305: 'initializing': truncation from 'int' to 'const uint8_t'
C:\Users\bjupf\Desktop\GraphDisplayHtml\GraphImageCreator\GraphImageCreator\JPGer.cpp(30,42): warning C4309: 'initializing': truncation of constant value
C:\Users\bjupf\Desktop\GraphDisplayHtml\GraphImageCreator\GraphImageCreator\JPGer.cpp(31,15): warning C4838: conversion from 'int' to 'const uint8_t' requires a narrowing conversion
C:\Users\bjupf\Desktop\GraphDisplayHtml\GraphImageCreator\GraphImageCreator\JPGer.cpp(31,15): warning C4305: 'initializing': truncation from 'int' to 'const uint8_t'
C:\Users\bjupf\Desktop\GraphDisplayHtml\GraphImageCreator\GraphImageCreator\JPGer.cpp(31,15): warning C4309: 'initializing': truncation of constant value
C:\Users\bjupf\Desktop\GraphDisplayHtml\GraphImageCreator\GraphImageCreator\JPGer.cpp(31,20): warning C4838: conversion from 'int' to 'const uint8_t' requires a narrowing conversion
C:\Users\bjupf\Desktop\GraphDisplayHtml\GraphImageCreator\GraphImageCreator\JPGer.cpp(31,20): warning C4305: 'initializing': truncation from 'int' to 'const uint8_t'
C:\Users\bjupf\Desktop\GraphDisplayHtml\GraphImageCreator\GraphImageCreator\JPGer.cpp(31,20): warning C4309: 'initializing': truncation of constant value
C:\Users\bjupf\Desktop\GraphDisplayHtml\GraphImageCreator\GraphImageCreator\JPGer.cpp(31,25): warning C4838: conversion from 'int' to 'const uint8_t' requires a narrowing conversion
C:\Users\bjupf\Desktop\GraphDisplayHtml\GraphImageCreator\GraphImageCreator\JPGer.cpp(31,25): warning C4305: 'initializing': truncation from 'int' to 'const uint8_t'
C:\Users\bjupf\Desktop\GraphDisplayHtml\GraphImageCreator\GraphImageCreator\JPGer.cpp(31,25): warning C4309: 'initializing': truncation of constant value
C:\Users\bjupf\Desktop\GraphDisplayHtml\GraphImageCreator\GraphImageCreator\JPGer.cpp(31,31): warning C4838: conversion from 'int' to 'const uint8_t' requires a narrowing conversion
C:\Users\bjupf\Desktop\GraphDisplayHtml\GraphImageCreator\GraphImageCreator\JPGer.cpp(31,31): warning C4305: 'initializing': truncation from 'int' to 'const uint8_t'
C:\Users\bjupf\Desktop\GraphDisplayHtml\GraphImageCreator\GraphImageCreator\JPGer.cpp(31,31): warning C4309: 'initializing': truncation of constant value
C:\Users\bjupf\Desktop\GraphDisplayHtml\GraphImageCreator\GraphImageCreator\JPGer.cpp(31,37): warning C4838: conversion from 'int' to 'const uint8_t' requires a narrowing conversion
C:\Users\bjupf\Desktop\GraphDisplayHtml\GraphImageCreator\GraphImageCreator\JPGer.cpp(31,37): warning C4305: 'initializing': truncation from 'int' to 'const uint8_t'
C:\Users\bjupf\Desktop\GraphDisplayHtml\GraphImageCreator\GraphImageCreator\JPGer.cpp(31,37): warning C4309: 'initializing': truncation of constant value
C:\Users\bjupf\Desktop\GraphDisplayHtml\GraphImageCreator\GraphImageCreator\JPGer.cpp(31,43): warning C4838: conversion from 'int' to 'const uint8_t' requires a narrowing conversion
C:\Users\bjupf\Desktop\GraphDisplayHtml\GraphImageCreator\GraphImageCreator\JPGer.cpp(31,43): warning C4305: 'initializing': truncation from 'int' to 'const uint8_t'
C:\Users\bjupf\Desktop\GraphDisplayHtml\GraphImageCreator\GraphImageCreator\JPGer.cpp(31,43): warning C4309: 'initializing': truncation of constant value
C:\Users\bjupf\Desktop\GraphDisplayHtml\GraphImageCreator\GraphImageCreator\JPGer.cpp(32,5): warning C4838: conversion from 'int' to 'const uint8_t' requires a narrowing conversion
C:\Users\bjupf\Desktop\GraphDisplayHtml\GraphImageCreator\GraphImageCreator\JPGer.cpp(32,5): warning C4305: 'initializing': truncation from 'int' to 'const uint8_t'
C:\Users\bjupf\Desktop\GraphDisplayHtml\GraphImageCreator\GraphImageCreator\JPGer.cpp(32,5): warning C4309: 'initializing': truncation of constant value
C:\Users\bjupf\Desktop\GraphDisplayHtml\GraphImageCreator\GraphImageCreator\JPGer.cpp(32,10): warning C4838: conversion from 'int' to 'const uint8_t' requires a narrowing conversion
C:\Users\bjupf\Desktop\GraphDisplayHtml\GraphImageCreator\GraphImageCreator\JPGer.cpp(32,10): warning C4305: 'initializing': truncation from 'int' to 'const uint8_t'
C:\Users\bjupf\Desktop\GraphDisplayHtml\GraphImageCreator\GraphImageCreator\JPGer.cpp(32,10): warning C4309: 'initializing': truncation of constant value
C:\Users\bjupf\Desktop\GraphDisplayHtml\GraphImageCreator\GraphImageCreator\JPGer.cpp(32,15): warning C4838: conversion from 'int' to 'const uint8_t' requires a narrowing conversion
C:\Users\bjupf\Desktop\GraphDisplayHtml\GraphImageCreator\GraphImageCreator\JPGer.cpp(32,15): warning C4305: 'initializing': truncation from 'int' to 'const uint8_t'
C:\Users\bjupf\Desktop\GraphDisplayHtml\GraphImageCreator\GraphImageCreator\JPGer.cpp(32,15): warning C4309: 'initializing': truncation of constant value
C:\Users\bjupf\Desktop\GraphDisplayHtml\GraphImageCreator\GraphImageCreator\JPGer.cpp(32,20): warning C4838: conversion from 'int' to 'const uint8_t' requires a narrowing conversion
C:\Users\bjupf\Desktop\GraphDisplayHtml\GraphImageCreator\GraphImageCreator\JPGer.cpp(32,20): warning C4305: 'initializing': truncation from 'int' to 'const uint8_t'
C:\Users\bjupf\Desktop\GraphDisplayHtml\GraphImageCreator\GraphImageCreator\JPGer.cpp(32,20): warning C4309: 'initializing': truncation of constant value
C:\Users\bjupf\Desktop\GraphDisplayHtml\GraphImageCreator\GraphImageCreator\JPGer.cpp(32,26): warning C4838: conversion from 'int' to 'const uint8_t' requires a narrowing conversion
C:\Users\bjupf\Desktop\GraphDisplayHtml\GraphImageCreator\GraphImageCreator\JPGer.cpp(32,26): warning C4305: 'initializing': truncation from 'int' to 'const uint8_t'
C:\Users\bjupf\Desktop\GraphDisplayHtml\GraphImageCreator\GraphImageCreator\JPGer.cpp(32,26): warning C4309: 'initializing': truncation of constant value
C:\Users\bjupf\Desktop\GraphDisplayHtml\GraphImageCreator\GraphImageCreator\JPGer.cpp(32,32): warning C4838: conversion from 'int' to 'const uint8_t' requires a narrowing conversion
C:\Users\bjupf\Desktop\GraphDisplayHtml\GraphImageCreator\GraphImageCreator\JPGer.cpp(32,32): warning C4305: 'initializing': truncation from 'int' to 'const uint8_t'
C:\Users\bjupf\Desktop\GraphDisplayHtml\GraphImageCreator\GraphImageCreator\JPGer.cpp(32,32): warning C4309: 'initializing': truncation of constant value
C:\Users\bjupf\Desktop\GraphDisplayHtml\GraphImageCreator\GraphImageCreator\JPGer.cpp(32,38): warning C4838: conversion from 'int' to 'const uint8_t' requires a narrowing conversion
C:\Users\bjupf\Desktop\GraphDisplayHtml\GraphImageCreator\GraphImageCreator\JPGer.cpp(32,38): warning C4305: 'initializing': truncation from 'int' to 'const uint8_t'
C:\Users\bjupf\Desktop\GraphDisplayHtml\GraphImageCreator\GraphImageCreator\JPGer.cpp(32,38): warning C4309: 'initializing': truncation of constant value
C:\Users\bjupf\Desktop\GraphDisplayHtml\GraphImageCreator\GraphImageCreator\JPGer.cpp(32,44): warning C4838: conversion from 'int' to 'const uint8_t' requires a narrowing conversion
C:\Users\bjupf\Desktop\GraphDisplayHtml\GraphImageCreator\GraphImageCreator\JPGer.cpp(32,44): warning C4305: 'initializing': truncation from 'int' to 'const uint8_t'
C:\Users\bjupf\Desktop\GraphDisplayHtml\GraphImageCreator\GraphImageCreator\JPGer.cpp(32,44): warning C4309: 'initializing': truncation of constant value
  Generating Code...
  GraphImageCreator.vcxproj -> C:\Users\bjupf\Desktop\GraphDisplayHtml\GraphImageCreator\x64\Debug\GraphImageCreator.exe
